{"C:\\Users\\Mr.Hamza\\Downloads\\UltimateToDoApp-Step_1_Part_2\\UltimateToDoApp-Step_1_Part_2\\lib\\app.ts": {"path":"C:\\Users\\Mr.Hamza\\Downloads\\UltimateToDoApp-Step_1_Part_2\\UltimateToDoApp-Step_1_Part_2\\lib\\app.ts","statementMap":{"0":{"start":{"line":1,"column":0},"end":{"line":1,"column":34}},"1":{"start":{"line":2,"column":0},"end":{"line":2,"column":41}},"2":{"start":{"line":3,"column":0},"end":{"line":3,"column":44}},"3":{"start":{"line":4,"column":13},"end":{"line":4,"column":30}},"4":{"start":{"line":5,"column":11},"end":{"line":5,"column":26}},"5":{"start":{"line":6,"column":9},"end":{"line":6,"column":22}},"6":{"start":{"line":11,"column":9},"end":{"line":11,"column":42}},"7":{"start":{"line":14,"column":4},"end":{"line":14,"column":25}},"8":{"start":{"line":15,"column":4},"end":{"line":15,"column":18}},"9":{"start":{"line":16,"column":4},"end":{"line":16,"column":36}},"10":{"start":{"line":20,"column":4},"end":{"line":24,"column":7}},"11":{"start":{"line":21,"column":6},"end":{"line":21,"column":53}},"12":{"start":{"line":22,"column":6},"end":{"line":22,"column":99}},"13":{"start":{"line":23,"column":6},"end":{"line":23,"column":13}},"14":{"start":{"line":25,"column":4},"end":{"line":25,"column":36}},"15":{"start":{"line":26,"column":4},"end":{"line":26,"column":60}},"16":{"start":{"line":27,"column":4},"end":{"line":27,"column":25}},"17":{"start":{"line":28,"column":4},"end":{"line":28,"column":32}},"18":{"start":{"line":32,"column":0},"end":{"line":32,"column":29}}},"fnMap":{"0":{"name":"(anonymous_0)","decl":{"start":{"line":13,"column":2},"end":{"line":null,"column":-1}},"loc":{"start":{"line":13,"column":2},"end":{"line":17,"column":3}}},"1":{"name":"(anonymous_1)","decl":{"start":{"line":19,"column":10},"end":{"line":19,"column":15}},"loc":{"start":{"line":19,"column":16},"end":{"line":29,"column":3}}},"2":{"name":"(anonymous_2)","decl":{"start":{"line":20,"column":17},"end":{"line":20,"column":25}},"loc":{"start":{"line":20,"column":40},"end":{"line":24,"column":5}}}},"branchMap":{},"s":{"0":1,"1":1,"2":1,"3":1,"4":1,"5":1,"6":1,"7":1,"8":1,"9":1,"10":1,"11":4,"12":4,"13":4,"14":1,"15":1,"16":1,"17":1,"18":1},"f":{"0":1,"1":1,"2":4},"b":{}}
,"C:\\Users\\Mr.Hamza\\Downloads\\UltimateToDoApp-Step_1_Part_2\\UltimateToDoApp-Step_1_Part_2\\lib\\server.ts": {"path":"C:\\Users\\Mr.Hamza\\Downloads\\UltimateToDoApp-Step_1_Part_2\\UltimateToDoApp-Step_1_Part_2\\lib\\server.ts","statementMap":{"0":{"start":{"line":1,"column":0},"end":{"line":1,"column":23}},"1":{"start":{"line":2,"column":13},"end":{"line":2,"column":17}},"2":{"start":{"line":4,"column":15},"end":{"line":6,"column":2}},"3":{"start":{"line":5,"column":2},"end":{"line":5,"column":58}},"4":{"start":{"line":8,"column":0},"end":{"line":8,"column":24}}},"fnMap":{"0":{"name":"(anonymous_0)","decl":{"start":{"line":4,"column":32},"end":{"line":4,"column":34}},"loc":{"start":{"line":4,"column":37},"end":{"line":6,"column":1}}}},"branchMap":{},"s":{"0":1,"1":1,"2":1,"3":1,"4":1},"f":{"0":1},"b":{}}
,"C:\\Users\\Mr.Hamza\\Downloads\\UltimateToDoApp-Step_1_Part_2\\UltimateToDoApp-Step_1_Part_2\\lib\\routes\\todoRoutes.ts": {"path":"C:\\Users\\Mr.Hamza\\Downloads\\UltimateToDoApp-Step_1_Part_2\\UltimateToDoApp-Step_1_Part_2\\lib\\routes\\todoRoutes.ts","statementMap":{"0":{"start":{"line":2,"column":0},"end":{"line":2,"column":30}},"1":{"start":{"line":3,"column":9},"end":{"line":3,"column":22}},"2":{"start":{"line":5,"column":11},"end":{"line":12,"column":2}},"3":{"start":{"line":16,"column":4},"end":{"line":66,"column":9}},"4":{"start":{"line":19,"column":8},"end":{"line":34,"column":8}},"5":{"start":{"line":20,"column":10},"end":{"line":33,"column":11}},"6":{"start":{"line":21,"column":14},"end":{"line":21,"column":47}},"7":{"start":{"line":24,"column":14},"end":{"line":32,"column":16}},"8":{"start":{"line":25,"column":18},"end":{"line":25,"column":25}},"9":{"start":{"line":26,"column":18},"end":{"line":31,"column":19}},"10":{"start":{"line":27,"column":22},"end":{"line":27,"column":55}},"11":{"start":{"line":30,"column":22},"end":{"line":30,"column":55}},"12":{"start":{"line":37,"column":8},"end":{"line":65,"column":9}},"13":{"start":{"line":38,"column":10},"end":{"line":38,"column":66}},"14":{"start":{"line":39,"column":15},"end":{"line":65,"column":9}},"15":{"start":{"line":40,"column":10},"end":{"line":40,"column":66}},"16":{"start":{"line":43,"column":16},"end":{"line":43,"column":30}},"17":{"start":{"line":44,"column":22},"end":{"line":44,"column":42}},"18":{"start":{"line":45,"column":13},"end":{"line":45,"column":19}},"19":{"start":{"line":46,"column":15},"end":{"line":46,"column":20}},"20":{"start":{"line":47,"column":17},"end":{"line":47,"column":44}},"21":{"start":{"line":48,"column":4},"end":{"line":64,"column":6}},"22":{"start":{"line":49,"column":8},"end":{"line":63,"column":9}},"23":{"start":{"line":50,"column":12},"end":{"line":50,"column":45}},"24":{"start":{"line":53,"column":12},"end":{"line":62,"column":14}},"25":{"start":{"line":54,"column":16},"end":{"line":54,"column":23}},"26":{"start":{"line":55,"column":16},"end":{"line":61,"column":17}},"27":{"start":{"line":56,"column":20},"end":{"line":56,"column":53}},"28":{"start":{"line":59,"column":20},"end":{"line":59,"column":50}},"29":{"start":{"line":60,"column":20},"end":{"line":60,"column":69}},"30":{"start":{"line":14,"column":0},"end":{"line":69,"column":1}}},"fnMap":{"0":{"name":"(anonymous_0)","decl":{"start":{"line":15,"column":9},"end":{"line":15,"column":14}},"loc":{"start":{"line":15,"column":19},"end":{"line":68,"column":6}}},"1":{"name":"(anonymous_1)","decl":{"start":{"line":18,"column":11},"end":{"line":18,"column":12}},"loc":{"start":{"line":18,"column":43},"end":{"line":35,"column":7}}},"2":{"name":"(anonymous_2)","decl":{"start":{"line":19,"column":21},"end":{"line":19,"column":22}},"loc":{"start":{"line":19,"column":36},"end":{"line":34,"column":7}}},"3":{"name":"(anonymous_3)","decl":{"start":{"line":24,"column":43},"end":{"line":24,"column":44}},"loc":{"start":{"line":24,"column":57},"end":{"line":32,"column":15}}},"4":{"name":"(anonymous_4)","decl":{"start":{"line":36,"column":12},"end":{"line":36,"column":13}},"loc":{"start":{"line":36,"column":44},"end":{"line":66,"column":7}}},"5":{"name":"(anonymous_5)","decl":{"start":{"line":48,"column":17},"end":{"line":48,"column":18}},"loc":{"start":{"line":48,"column":32},"end":{"line":64,"column":5}}},"6":{"name":"(anonymous_6)","decl":{"start":{"line":53,"column":99},"end":{"line":53,"column":100}},"loc":{"start":{"line":53,"column":113},"end":{"line":62,"column":13}}}},"branchMap":{"0":{"loc":{"start":{"line":20,"column":10},"end":{"line":33,"column":11}},"type":"if","locations":[{"start":{"line":20,"column":10},"end":{"line":33,"column":11}},{"start":{"line":20,"column":10},"end":{"line":33,"column":11}}]},"1":{"loc":{"start":{"line":26,"column":18},"end":{"line":31,"column":19}},"type":"if","locations":[{"start":{"line":26,"column":18},"end":{"line":31,"column":19}},{"start":{"line":26,"column":18},"end":{"line":31,"column":19}}]},"2":{"loc":{"start":{"line":37,"column":8},"end":{"line":65,"column":9}},"type":"if","locations":[{"start":{"line":37,"column":8},"end":{"line":65,"column":9}},{"start":{"line":37,"column":8},"end":{"line":65,"column":9}}]},"3":{"loc":{"start":{"line":39,"column":15},"end":{"line":65,"column":9}},"type":"if","locations":[{"start":{"line":39,"column":15},"end":{"line":65,"column":9}},{"start":{"line":39,"column":15},"end":{"line":65,"column":9}}]},"4":{"loc":{"start":{"line":49,"column":8},"end":{"line":63,"column":9}},"type":"if","locations":[{"start":{"line":49,"column":8},"end":{"line":63,"column":9}},{"start":{"line":49,"column":8},"end":{"line":63,"column":9}}]},"5":{"loc":{"start":{"line":55,"column":16},"end":{"line":61,"column":17}},"type":"if","locations":[{"start":{"line":55,"column":16},"end":{"line":61,"column":17}},{"start":{"line":55,"column":16},"end":{"line":61,"column":17}}]}},"s":{"0":1,"1":1,"2":1,"3":1,"4":1,"5":1,"6":0,"7":1,"8":1,"9":1,"10":0,"11":1,"12":1,"13":0,"14":1,"15":0,"16":1,"17":1,"18":1,"19":1,"20":1,"21":1,"22":1,"23":0,"24":1,"25":1,"26":1,"27":0,"28":1,"29":1,"30":1},"f":{"0":1,"1":1,"2":1,"3":1,"4":1,"5":1,"6":1},"b":{"0":[0,1],"1":[0,1],"2":[0,1],"3":[0,1],"4":[0,1],"5":[0,1]}}
}
