TN:
SF:C:\Users\Mr.Hamza\Downloads\UltimateToDoApp-Step_1_Part_2\UltimateToDoApp-Step_1_Part_2\lib\app.ts
FN:13,(anonymous_0)
FN:19,(anonymous_1)
FN:20,(anonymous_2)
FNF:3
FNH:3
FNDA:1,(anonymous_0)
FNDA:1,(anonymous_1)
FNDA:4,(anonymous_2)
DA:1,1
DA:2,1
DA:3,1
DA:4,1
DA:5,1
DA:6,1
DA:11,1
DA:14,1
DA:15,1
DA:16,1
DA:20,1
DA:21,4
DA:22,4
DA:23,4
DA:25,1
DA:26,1
DA:27,1
DA:28,1
DA:32,1
LF:19
LH:19
BRF:0
BRH:0
end_of_record
TN:
SF:C:\Users\Mr.Hamza\Downloads\UltimateToDoApp-Step_1_Part_2\UltimateToDoApp-Step_1_Part_2\lib\server.ts
FN:4,(anonymous_0)
FNF:1
FNH:1
FNDA:1,(anonymous_0)
DA:1,1
DA:2,1
DA:4,1
DA:5,1
DA:8,1
LF:5
LH:5
BRF:0
BRH:0
end_of_record
TN:
SF:C:\Users\Mr.Hamza\Downloads\UltimateToDoApp-Step_1_Part_2\UltimateToDoApp-Step_1_Part_2\lib\routes\todoRoutes.ts
FN:15,(anonymous_0)
FN:18,(anonymous_1)
FN:19,(anonymous_2)
FN:24,(anonymous_3)
FNF:4
FNH:4
FNDA:1,(anonymous_0)
FNDA:1,(anonymous_1)
FNDA:1,(anonymous_2)
FNDA:1,(anonymous_3)
DA:3,1
DA:5,1
DA:14,1
DA:16,1
DA:19,1
DA:20,1
DA:21,0
DA:24,1
DA:25,1
DA:26,1
DA:27,0
DA:30,1
LF:12
LH:10
BRDA:20,0,0,0
BRDA:20,0,1,1
BRDA:26,1,0,0
BRDA:26,1,1,1
BRF:4
BRH:2
end_of_record
