TN:
SF:D:\4th\UltimateToDoApp-Step_1_Part_2\UltimateToDoApp-Step_1_Part_2\lib\app.ts
FN:13,(anonymous_0)
FN:19,(anonymous_1)
FN:20,(anonymous_2)
FNF:3
FNH:3
FNDA:1,(anonymous_0)
FNDA:1,(anonymous_1)
FNDA:4,(anonymous_2)
DA:1,1
DA:2,1
DA:3,1
DA:4,1
DA:5,1
DA:6,1
DA:11,1
DA:14,1
DA:15,1
DA:16,1
DA:20,1
DA:21,4
DA:22,4
DA:23,4
DA:25,1
DA:26,1
DA:27,1
DA:28,1
DA:32,1
LF:19
LH:19
BRF:0
BRH:0
end_of_record
TN:
SF:D:\4th\UltimateToDoApp-Step_1_Part_2\UltimateToDoApp-Step_1_Part_2\lib\server.ts
FN:4,(anonymous_0)
FNF:1
FNH:1
FNDA:1,(anonymous_0)
DA:1,1
DA:2,1
DA:4,1
DA:5,1
DA:8,1
LF:5
LH:5
BRF:0
BRH:0
end_of_record
TN:
SF:D:\4th\UltimateToDoApp-Step_1_Part_2\UltimateToDoApp-Step_1_Part_2\lib\controller\Controller.ts
FN:14,(anonymous_0)
FN:16,(anonymous_1)
FN:17,(anonymous_2)
FN:22,(anonymous_3)
FN:37,(anonymous_4)
FN:48,(anonymous_5)
FN:53,(anonymous_6)
FN:69,(anonymous_7)
FN:75,(anonymous_8)
FN:80,(anonymous_9)
FN:94,(anonymous_10)
FN:97,(anonymous_11)
FN:102,(anonymous_12)
FNF:13
FNH:13
FNDA:1,(anonymous_0)
FNDA:1,(anonymous_1)
FNDA:1,(anonymous_2)
FNDA:1,(anonymous_3)
FNDA:1,(anonymous_4)
FNDA:1,(anonymous_5)
FNDA:1,(anonymous_6)
FNDA:1,(anonymous_7)
FNDA:1,(anonymous_8)
FNDA:1,(anonymous_9)
FNDA:1,(anonymous_10)
FNDA:1,(anonymous_11)
FNDA:1,(anonymous_12)
DA:2,1
DA:3,1
DA:5,1
DA:14,1
DA:16,1
DA:17,1
DA:18,1
DA:19,0
DA:22,1
DA:23,1
DA:24,1
DA:25,0
DA:28,1
DA:37,1
DA:38,1
DA:39,0
DA:40,1
DA:41,0
DA:43,1
DA:44,1
DA:45,1
DA:46,1
DA:47,1
DA:48,1
DA:49,1
DA:50,0
DA:53,1
DA:54,1
DA:55,1
DA:56,0
DA:59,1
DA:60,1
DA:69,1
DA:70,1
DA:71,1
DA:72,1
DA:73,1
DA:74,1
DA:75,1
DA:76,1
DA:77,0
DA:80,1
DA:81,1
DA:82,1
DA:83,0
DA:86,1
DA:95,1
DA:96,1
DA:97,1
DA:98,1
DA:99,0
DA:102,1
DA:103,1
DA:104,1
DA:105,0
DA:108,1
LF:56
LH:46
BRDA:18,0,0,0
BRDA:18,0,1,1
BRDA:24,1,0,0
BRDA:24,1,1,1
BRDA:38,2,0,0
BRDA:38,2,1,1
BRDA:40,3,0,0
BRDA:40,3,1,1
BRDA:49,4,0,0
BRDA:49,4,1,1
BRDA:55,5,0,0
BRDA:55,5,1,1
BRDA:76,6,0,0
BRDA:76,6,1,1
BRDA:82,7,0,0
BRDA:82,7,1,1
BRDA:98,8,0,0
BRDA:98,8,1,1
BRDA:104,9,0,0
BRDA:104,9,1,1
BRF:20
BRH:10
end_of_record
TN:
SF:D:\4th\UltimateToDoApp-Step_1_Part_2\UltimateToDoApp-Step_1_Part_2\lib\routes\todoRoutes.ts
FN:5,(anonymous_0)
FN:7,(anonymous_1)
FNF:2
FNH:2
FNDA:1,(anonymous_0)
FNDA:1,(anonymous_1)
DA:3,1
DA:5,1
DA:6,1
DA:8,1
DA:13,1
LF:5
LH:5
BRF:0
BRH:0
end_of_record
